2021-02-19 16:47:43,867 INFO com.zaxxer.hikari.HikariDataSource [pool-2-thread-1] HikariPool-1 - Start completed.
2021-02-19 16:47:44,007 INFO org.springframework.boot.StartupInfoLogger [JavaFX-Launcher] Starting application using Java 14 on Developer-Laptop-Ealse with PID 8108 (started by ealse in C:\workspaces\javafx\spring-boot-ccnl\frontend-ccnl)
2021-02-19 16:47:44,008 INFO org.springframework.boot.SpringApplication [JavaFX-Launcher] No active profile set, falling back to default profiles: default
2021-02-19 16:47:44,612 INFO org.springframework.data.repository.config.RepositoryConfigurationDelegate [JavaFX-Launcher] Bootstrapping Spring Data JPA repositories in LAZY mode.
2021-02-19 16:47:44,708 INFO org.springframework.data.repository.config.RepositoryConfigurationDelegate [JavaFX-Launcher] Finished Spring Data repository scanning in 80 ms. Found 10 JPA repository interfaces.
2021-02-19 16:47:45,309 INFO org.hibernate.jpa.internal.util.LogHelper [JavaFX-Launcher] HHH000204: Processing PersistenceUnitInfo [name: default]
2021-02-19 16:47:45,380 INFO org.hibernate.Version [JavaFX-Launcher] HHH000412: Hibernate ORM core version 5.4.25.Final
2021-02-19 16:47:45,571 INFO org.hibernate.annotations.common.reflection.java.JavaReflectionManager [JavaFX-Launcher] HCANN000001: Hibernate Commons Annotations {5.1.2.Final}
2021-02-19 16:47:45,713 INFO com.zaxxer.hikari.HikariDataSource [JavaFX-Launcher] HikariPool-2 - Starting...
2021-02-19 16:47:45,715 INFO com.zaxxer.hikari.HikariDataSource [JavaFX-Launcher] HikariPool-2 - Start completed.
2021-02-19 16:47:45,727 INFO org.hibernate.dialect.Dialect [JavaFX-Launcher] HHH000400: Using dialect: org.hibernate.dialect.H2Dialect
2021-02-19 16:47:46,547 INFO org.hibernate.engine.transaction.jta.platform.internal.JtaPlatformInitiator [JavaFX-Launcher] HHH000490: Using JtaPlatform implementation: [org.hibernate.engine.transaction.jta.platform.internal.NoJtaPlatform]
2021-02-19 16:47:46,556 INFO org.springframework.orm.jpa.AbstractEntityManagerFactoryBean [JavaFX-Launcher] Initialized JPA EntityManagerFactory for persistence unit 'default'
2021-02-19 16:47:46,650 INFO org.springframework.boot.StartupInfoLogger [JavaFX-Launcher] Started application in 3.42 seconds (JVM running for 4.289)
2021-02-19 16:47:46,756 INFO nl.ealse.javafx.FXMLNodeMap [JavaFX Application Thread] file:/C:/workspaces/javafx/spring-boot-ccnl/frontend-ccnl/target/classes/fxml/main.fxml
2021-02-19 16:50:43,166 INFO com.zaxxer.hikari.HikariDataSource [pool-2-thread-1] HikariPool-1 - Start completed.
2021-02-19 16:50:43,283 INFO org.springframework.boot.StartupInfoLogger [JavaFX-Launcher] Starting application using Java 14 on Developer-Laptop-Ealse with PID 8660 (started by ealse in C:\workspaces\javafx\spring-boot-ccnl\frontend-ccnl)
2021-02-19 16:50:43,284 INFO org.springframework.boot.SpringApplication [JavaFX-Launcher] No active profile set, falling back to default profiles: default
2021-02-19 16:50:43,902 INFO org.springframework.data.repository.config.RepositoryConfigurationDelegate [JavaFX-Launcher] Bootstrapping Spring Data JPA repositories in LAZY mode.
2021-02-19 16:50:43,991 INFO org.springframework.data.repository.config.RepositoryConfigurationDelegate [JavaFX-Launcher] Finished Spring Data repository scanning in 81 ms. Found 10 JPA repository interfaces.
2021-02-19 16:50:44,579 INFO org.hibernate.jpa.internal.util.LogHelper [JavaFX-Launcher] HHH000204: Processing PersistenceUnitInfo [name: default]
2021-02-19 16:50:44,642 INFO org.hibernate.Version [JavaFX-Launcher] HHH000412: Hibernate ORM core version 5.4.25.Final
2021-02-19 16:50:44,839 INFO org.hibernate.annotations.common.reflection.java.JavaReflectionManager [JavaFX-Launcher] HCANN000001: Hibernate Commons Annotations {5.1.2.Final}
2021-02-19 16:50:44,977 INFO com.zaxxer.hikari.HikariDataSource [JavaFX-Launcher] HikariPool-2 - Starting...
2021-02-19 16:50:44,978 INFO com.zaxxer.hikari.HikariDataSource [JavaFX-Launcher] HikariPool-2 - Start completed.
2021-02-19 16:50:44,991 INFO org.hibernate.dialect.Dialect [JavaFX-Launcher] HHH000400: Using dialect: org.hibernate.dialect.H2Dialect
2021-02-19 16:50:45,826 INFO org.hibernate.engine.transaction.jta.platform.internal.JtaPlatformInitiator [JavaFX-Launcher] HHH000490: Using JtaPlatform implementation: [org.hibernate.engine.transaction.jta.platform.internal.NoJtaPlatform]
2021-02-19 16:50:45,835 INFO org.springframework.orm.jpa.AbstractEntityManagerFactoryBean [JavaFX-Launcher] Initialized JPA EntityManagerFactory for persistence unit 'default'
2021-02-19 16:50:45,939 INFO org.springframework.boot.StartupInfoLogger [JavaFX-Launcher] Started application in 3.404 seconds (JVM running for 4.315)
2021-02-19 16:50:46,041 INFO nl.ealse.javafx.FXMLNodeMap [JavaFX Application Thread] file:/C:/workspaces/javafx/spring-boot-ccnl/frontend-ccnl/target/classes/fxml/main.fxml
2021-02-19 16:51:04,701 INFO org.springframework.orm.jpa.AbstractEntityManagerFactoryBean [JavaFX Application Thread] Closing JPA EntityManagerFactory for persistence unit 'default'
2021-02-19 16:51:04,704 INFO com.zaxxer.hikari.HikariDataSource [JavaFX Application Thread] HikariPool-2 - Shutdown initiated...
2021-02-19 16:51:04,707 INFO com.zaxxer.hikari.HikariDataSource [JavaFX Application Thread] HikariPool-2 - Shutdown completed.
2021-02-19 16:51:19,547 INFO com.zaxxer.hikari.HikariDataSource [pool-2-thread-1] HikariPool-1 - Start completed.
2021-02-19 16:51:19,705 INFO org.springframework.boot.StartupInfoLogger [JavaFX-Launcher] Starting application using Java 14 on Developer-Laptop-Ealse with PID 5568 (started by ealse in C:\workspaces\javafx\spring-boot-ccnl\frontend-ccnl)
2021-02-19 16:51:19,706 INFO org.springframework.boot.SpringApplication [JavaFX-Launcher] No active profile set, falling back to default profiles: default
2021-02-19 16:51:20,410 INFO org.springframework.data.repository.config.RepositoryConfigurationDelegate [JavaFX-Launcher] Bootstrapping Spring Data JPA repositories in DEFAULT mode.
2021-02-19 16:51:20,580 INFO org.springframework.data.repository.config.RepositoryConfigurationDelegate [JavaFX-Launcher] Finished Spring Data repository scanning in 162 ms. Found 10 JPA repository interfaces.
2021-02-19 16:51:21,098 INFO org.hibernate.jpa.internal.util.LogHelper [JavaFX-Launcher] HHH000204: Processing PersistenceUnitInfo [name: default]
2021-02-19 16:51:21,165 INFO org.hibernate.Version [JavaFX-Launcher] HHH000412: Hibernate ORM core version 5.4.25.Final
2021-02-19 16:51:21,368 INFO org.hibernate.annotations.common.reflection.java.JavaReflectionManager [JavaFX-Launcher] HCANN000001: Hibernate Commons Annotations {5.1.2.Final}
2021-02-19 16:51:21,520 INFO com.zaxxer.hikari.HikariDataSource [JavaFX-Launcher] HikariPool-2 - Starting...
2021-02-19 16:51:21,521 INFO com.zaxxer.hikari.HikariDataSource [JavaFX-Launcher] HikariPool-2 - Start completed.
2021-02-19 16:51:21,542 INFO org.hibernate.dialect.Dialect [JavaFX-Launcher] HHH000400: Using dialect: org.hibernate.dialect.H2Dialect
2021-02-19 16:51:22,380 INFO org.hibernate.engine.transaction.jta.platform.internal.JtaPlatformInitiator [JavaFX-Launcher] HHH000490: Using JtaPlatform implementation: [org.hibernate.engine.transaction.jta.platform.internal.NoJtaPlatform]
2021-02-19 16:51:22,389 INFO org.springframework.orm.jpa.AbstractEntityManagerFactoryBean [JavaFX-Launcher] Initialized JPA EntityManagerFactory for persistence unit 'default'
2021-02-19 16:51:23,319 INFO org.springframework.boot.StartupInfoLogger [JavaFX-Launcher] Started application in 4.401 seconds (JVM running for 5.306)
2021-02-19 16:51:23,433 INFO nl.ealse.javafx.FXMLNodeMap [JavaFX Application Thread] file:/C:/workspaces/javafx/spring-boot-ccnl/frontend-ccnl/target/classes/fxml/main.fxml
2021-02-19 16:51:31,749 INFO org.springframework.orm.jpa.AbstractEntityManagerFactoryBean [JavaFX Application Thread] Closing JPA EntityManagerFactory for persistence unit 'default'
2021-02-19 16:51:31,751 INFO com.zaxxer.hikari.HikariDataSource [JavaFX Application Thread] HikariPool-2 - Shutdown initiated...
2021-02-19 16:51:31,754 INFO com.zaxxer.hikari.HikariDataSource [JavaFX Application Thread] HikariPool-2 - Shutdown completed.
2021-02-19 16:51:49,624 INFO com.zaxxer.hikari.HikariDataSource [pool-2-thread-1] HikariPool-1 - Start completed.
2021-02-19 16:51:49,769 INFO org.springframework.boot.StartupInfoLogger [JavaFX-Launcher] Starting application using Java 14 on Developer-Laptop-Ealse with PID 2092 (started by ealse in C:\workspaces\javafx\spring-boot-ccnl\frontend-ccnl)
2021-02-19 16:51:49,771 INFO org.springframework.boot.SpringApplication [JavaFX-Launcher] No active profile set, falling back to default profiles: default
2021-02-19 16:51:50,384 INFO org.springframework.data.repository.config.RepositoryConfigurationDelegate [JavaFX-Launcher] Bootstrapping Spring Data JPA repositories in LAZY mode.
2021-02-19 16:51:50,480 INFO org.springframework.data.repository.config.RepositoryConfigurationDelegate [JavaFX-Launcher] Finished Spring Data repository scanning in 88 ms. Found 10 JPA repository interfaces.
2021-02-19 16:51:51,098 INFO org.hibernate.jpa.internal.util.LogHelper [JavaFX-Launcher] HHH000204: Processing PersistenceUnitInfo [name: default]
2021-02-19 16:51:51,167 INFO org.hibernate.Version [JavaFX-Launcher] HHH000412: Hibernate ORM core version 5.4.25.Final
2021-02-19 16:51:51,361 INFO org.hibernate.annotations.common.reflection.java.JavaReflectionManager [JavaFX-Launcher] HCANN000001: Hibernate Commons Annotations {5.1.2.Final}
2021-02-19 16:51:51,500 INFO com.zaxxer.hikari.HikariDataSource [JavaFX-Launcher] HikariPool-2 - Starting...
2021-02-19 16:51:51,502 INFO com.zaxxer.hikari.HikariDataSource [JavaFX-Launcher] HikariPool-2 - Start completed.
2021-02-19 16:51:51,515 INFO org.hibernate.dialect.Dialect [JavaFX-Launcher] HHH000400: Using dialect: org.hibernate.dialect.H2Dialect
2021-02-19 16:51:52,362 INFO org.hibernate.engine.transaction.jta.platform.internal.JtaPlatformInitiator [JavaFX-Launcher] HHH000490: Using JtaPlatform implementation: [org.hibernate.engine.transaction.jta.platform.internal.NoJtaPlatform]
2021-02-19 16:51:52,372 INFO org.springframework.orm.jpa.AbstractEntityManagerFactoryBean [JavaFX-Launcher] Initialized JPA EntityManagerFactory for persistence unit 'default'
2021-02-19 16:51:52,482 INFO org.springframework.boot.StartupInfoLogger [JavaFX-Launcher] Started application in 3.51 seconds (JVM running for 4.395)
2021-02-19 16:51:52,597 INFO nl.ealse.javafx.FXMLNodeMap [JavaFX Application Thread] file:/C:/workspaces/javafx/spring-boot-ccnl/frontend-ccnl/target/classes/fxml/main.fxml
2021-02-19 16:53:25,541 INFO org.springframework.orm.jpa.AbstractEntityManagerFactoryBean [JavaFX Application Thread] Closing JPA EntityManagerFactory for persistence unit 'default'
2021-02-19 16:53:25,549 INFO com.zaxxer.hikari.HikariDataSource [JavaFX Application Thread] HikariPool-2 - Shutdown initiated...
2021-02-19 16:53:25,552 INFO com.zaxxer.hikari.HikariDataSource [JavaFX Application Thread] HikariPool-2 - Shutdown completed.
