2021-02-27 09:53:20,105 INFO com.zaxxer.hikari.HikariDataSource [pool-2-thread-1] HikariPool-1 - Start completed.
2021-02-27 09:53:20,284 INFO org.springframework.boot.StartupInfoLogger [JavaFX-Launcher] Starting application using Java 14 on Developer-Laptop-Ealse with PID 13084 (started by jenkins in C:\workspaces\javafx\spring-boot-ccnl\frontend-ccnl)
2021-02-27 09:53:20,284 INFO org.springframework.boot.SpringApplication [JavaFX-Launcher] No active profile set, falling back to default profiles: default
2021-02-27 09:53:20,921 INFO org.springframework.data.repository.config.RepositoryConfigurationDelegate [JavaFX-Launcher] Bootstrapping Spring Data JPA repositories in LAZY mode.
2021-02-27 09:53:21,015 INFO org.springframework.data.repository.config.RepositoryConfigurationDelegate [JavaFX-Launcher] Finished Spring Data repository scanning in 85 ms. Found 10 JPA repository interfaces.
2021-02-27 09:53:21,668 INFO org.hibernate.jpa.internal.util.LogHelper [JavaFX-Launcher] HHH000204: Processing PersistenceUnitInfo [name: default]
2021-02-27 09:53:21,745 INFO org.hibernate.Version [JavaFX-Launcher] HHH000412: Hibernate ORM core version 5.4.25.Final
2021-02-27 09:53:21,985 INFO org.hibernate.annotations.common.reflection.java.JavaReflectionManager [JavaFX-Launcher] HCANN000001: Hibernate Commons Annotations {5.1.2.Final}
2021-02-27 09:53:22,126 INFO com.zaxxer.hikari.HikariDataSource [JavaFX-Launcher] HikariPool-2 - Starting...
2021-02-27 09:53:22,128 INFO com.zaxxer.hikari.HikariDataSource [JavaFX-Launcher] HikariPool-2 - Start completed.
2021-02-27 09:53:22,145 INFO org.hibernate.dialect.Dialect [JavaFX-Launcher] HHH000400: Using dialect: org.hibernate.dialect.H2Dialect
2021-02-27 09:53:23,084 INFO org.hibernate.engine.transaction.jta.platform.internal.JtaPlatformInitiator [JavaFX-Launcher] HHH000490: Using JtaPlatform implementation: [org.hibernate.engine.transaction.jta.platform.internal.NoJtaPlatform]
2021-02-27 09:53:23,093 INFO org.springframework.orm.jpa.AbstractEntityManagerFactoryBean [JavaFX-Launcher] Initialized JPA EntityManagerFactory for persistence unit 'default'
2021-02-27 09:53:23,227 INFO org.springframework.boot.StartupInfoLogger [JavaFX-Launcher] Started application in 3.804 seconds (JVM running for 6.039)
2021-02-27 09:53:23,350 INFO nl.ealse.javafx.FXMLNodeMap [JavaFX Application Thread] file:/C:/workspaces/javafx/spring-boot-ccnl/frontend-ccnl/target/classes/fxml/main.fxml
2021-02-27 09:53:32,673 INFO nl.ealse.javafx.FXMLNodeMap [JavaFX Application Thread] file:/C:/workspaces/javafx/spring-boot-ccnl/frontend-ccnl/target/classes/fxml/member/memberSearch.fxml
2021-02-27 09:53:33,346 INFO nl.ealse.ccnl.service.MemberService [JavaFX Application Thread] Service created
2021-02-27 09:53:33,463 INFO nl.ealse.javafx.FXMLNodeMap [JavaFX Application Thread] file:/C:/workspaces/javafx/spring-boot-ccnl/frontend-ccnl/target/classes/fxml/member/memberPersonal.fxml
2021-02-27 09:53:33,482 INFO nl.ealse.ccnl.ledenadministratie.pdf.FopFactoryProvider [JavaFX Application Thread] file:/C:/workspaces/javafx/spring-boot-ccnl/output-ccnl/target/classes/fop.xconf
2021-02-27 09:53:33,813 INFO nl.ealse.ccnl.service.DocumentService [JavaFX Application Thread] Service created
2021-02-27 09:53:33,928 INFO nl.ealse.ccnl.service.BackupRestoreService [JavaFX Application Thread] Service created
2021-02-27 09:53:33,952 INFO nl.ealse.ccnl.ledenadministratie.excelexport.ExportService [JavaFX Application Thread] Service created
2021-02-27 09:53:33,962 INFO nl.ealse.ccnl.service.AnnualRolloverService [JavaFX Application Thread] Service created
2021-02-27 09:53:33,963 INFO nl.ealse.ccnl.ledenadministratie.excelexport.ExportArchiveService [JavaFX Application Thread] Service created
2021-02-27 09:53:34,017 INFO nl.ealse.ccnl.service.SepaDirectDebitService [JavaFX Application Thread] Service created
2021-02-27 09:53:34,111 INFO nl.ealse.ccnl.service.ExternalRelationService [JavaFX Application Thread] Service created
2021-02-27 09:53:34,114 INFO nl.ealse.ccnl.service.InternalRelationService [JavaFX Application Thread] Service created
2021-02-27 09:53:34,120 INFO nl.ealse.ccnl.service.SettingsService [JavaFX Application Thread] Service created
2021-02-27 09:53:34,128 INFO nl.ealse.ccnl.ledenadministratie.excelexport.ExportAddressService [JavaFX Application Thread] Service created
2021-02-27 09:53:34,169 INFO nl.ealse.ccnl.service.ExternalRelationService [JavaFX Application Thread] Service created
2021-02-27 09:53:34,223 INFO nl.ealse.ccnl.service.ExternalRelationService [JavaFX Application Thread] Service created
2021-02-27 09:53:34,234 INFO nl.ealse.ccnl.ledenadministratie.excelimport.ImportService [JavaFX Application Thread] Service created
2021-02-27 09:53:34,236 INFO nl.ealse.ccnl.service.ArchiveService [JavaFX Application Thread] Service created
2021-02-27 09:53:39,355 INFO org.springframework.orm.jpa.AbstractEntityManagerFactoryBean [JavaFX Application Thread] Closing JPA EntityManagerFactory for persistence unit 'default'
2021-02-27 09:53:39,357 INFO com.zaxxer.hikari.HikariDataSource [JavaFX Application Thread] HikariPool-2 - Shutdown initiated...
2021-02-27 09:53:39,358 INFO com.zaxxer.hikari.HikariDataSource [JavaFX Application Thread] HikariPool-2 - Shutdown completed.
2021-02-27 17:47:09,633 INFO com.zaxxer.hikari.HikariDataSource [pool-2-thread-1] HikariPool-1 - Start completed.
2021-02-27 17:47:09,759 INFO org.springframework.boot.StartupInfoLogger [JavaFX-Launcher] Starting application using Java 14 on Developer-Laptop-Ealse with PID 14372 (started by jenkins in C:\workspaces\javafx\spring-boot-ccnl\frontend-ccnl)
2021-02-27 17:47:09,760 INFO org.springframework.boot.SpringApplication [JavaFX-Launcher] No active profile set, falling back to default profiles: default
2021-02-27 17:47:12,380 INFO org.springframework.data.repository.config.RepositoryConfigurationDelegate [JavaFX-Launcher] Bootstrapping Spring Data JPA repositories in LAZY mode.
2021-02-27 17:47:12,493 INFO org.springframework.data.repository.config.RepositoryConfigurationDelegate [JavaFX-Launcher] Finished Spring Data repository scanning in 103 ms. Found 10 JPA repository interfaces.
2021-02-27 17:47:13,371 INFO org.hibernate.jpa.internal.util.LogHelper [JavaFX-Launcher] HHH000204: Processing PersistenceUnitInfo [name: default]
2021-02-27 17:47:13,454 INFO org.hibernate.Version [JavaFX-Launcher] HHH000412: Hibernate ORM core version 5.4.25.Final
2021-02-27 17:47:13,712 INFO org.hibernate.annotations.common.reflection.java.JavaReflectionManager [JavaFX-Launcher] HCANN000001: Hibernate Commons Annotations {5.1.2.Final}
2021-02-27 17:47:13,918 INFO com.zaxxer.hikari.HikariDataSource [JavaFX-Launcher] HikariPool-2 - Starting...
2021-02-27 17:47:13,920 INFO com.zaxxer.hikari.HikariDataSource [JavaFX-Launcher] HikariPool-2 - Start completed.
2021-02-27 17:47:13,941 INFO org.hibernate.dialect.Dialect [JavaFX-Launcher] HHH000400: Using dialect: org.hibernate.dialect.H2Dialect
2021-02-27 17:47:15,043 INFO org.hibernate.engine.transaction.jta.platform.internal.JtaPlatformInitiator [JavaFX-Launcher] HHH000490: Using JtaPlatform implementation: [org.hibernate.engine.transaction.jta.platform.internal.NoJtaPlatform]
2021-02-27 17:47:15,055 INFO org.springframework.orm.jpa.AbstractEntityManagerFactoryBean [JavaFX-Launcher] Initialized JPA EntityManagerFactory for persistence unit 'default'
2021-02-27 17:47:42,452 INFO org.springframework.boot.StartupInfoLogger [JavaFX-Launcher] Started application in 33.779 seconds (JVM running for 35.203)
2021-02-27 17:47:51,317 INFO nl.ealse.javafx.FXMLNodeMap [JavaFX Application Thread] file:/C:/workspaces/javafx/spring-boot-ccnl/frontend-ccnl/target/classes/fxml/main.fxml
2021-02-27 17:47:56,078 INFO org.springframework.orm.jpa.AbstractEntityManagerFactoryBean [JavaFX Application Thread] Closing JPA EntityManagerFactory for persistence unit 'default'
2021-02-27 17:47:56,087 INFO com.zaxxer.hikari.HikariDataSource [JavaFX Application Thread] HikariPool-2 - Shutdown initiated...
2021-02-27 17:47:56,091 INFO com.zaxxer.hikari.HikariDataSource [JavaFX Application Thread] HikariPool-2 - Shutdown completed.
