2021-03-01 10:19:36,913 INFO com.zaxxer.hikari.HikariDataSource [pool-2-thread-1] HikariPool-1 - Start completed.
2021-03-01 10:19:37,088 INFO org.springframework.boot.StartupInfoLogger [JavaFX-Launcher] Starting application using Java 14 on Developer-Laptop-Ealse with PID 3196 (started by jenkins in C:\workspaces\javafx\spring-boot-ccnl\frontend-ccnl)
2021-03-01 10:19:37,089 INFO org.springframework.boot.SpringApplication [JavaFX-Launcher] No active profile set, falling back to default profiles: default
2021-03-01 10:19:39,688 INFO org.springframework.data.repository.config.RepositoryConfigurationDelegate [JavaFX-Launcher] Bootstrapping Spring Data JPA repositories in LAZY mode.
2021-03-01 10:19:39,788 INFO org.springframework.data.repository.config.RepositoryConfigurationDelegate [JavaFX-Launcher] Finished Spring Data repository scanning in 88 ms. Found 10 JPA repository interfaces.
2021-03-01 10:19:40,418 INFO org.hibernate.jpa.internal.util.LogHelper [JavaFX-Launcher] HHH000204: Processing PersistenceUnitInfo [name: default]
2021-03-01 10:19:40,494 INFO org.hibernate.Version [JavaFX-Launcher] HHH000412: Hibernate ORM core version 5.4.25.Final
2021-03-01 10:19:40,684 INFO org.hibernate.annotations.common.reflection.java.JavaReflectionManager [JavaFX-Launcher] HCANN000001: Hibernate Commons Annotations {5.1.2.Final}
2021-03-01 10:19:40,836 INFO com.zaxxer.hikari.HikariDataSource [JavaFX-Launcher] HikariPool-2 - Starting...
2021-03-01 10:19:40,837 INFO com.zaxxer.hikari.HikariDataSource [JavaFX-Launcher] HikariPool-2 - Start completed.
2021-03-01 10:19:40,853 INFO org.hibernate.dialect.Dialect [JavaFX-Launcher] HHH000400: Using dialect: org.hibernate.dialect.H2Dialect
2021-03-01 10:19:41,726 INFO org.hibernate.engine.transaction.jta.platform.internal.JtaPlatformInitiator [JavaFX-Launcher] HHH000490: Using JtaPlatform implementation: [org.hibernate.engine.transaction.jta.platform.internal.NoJtaPlatform]
2021-03-01 10:19:41,735 INFO org.springframework.orm.jpa.AbstractEntityManagerFactoryBean [JavaFX-Launcher] Initialized JPA EntityManagerFactory for persistence unit 'default'
2021-03-01 10:19:41,850 INFO org.springframework.boot.StartupInfoLogger [JavaFX-Launcher] Started application in 5.676 seconds (JVM running for 6.846)
2021-03-01 10:19:41,988 INFO nl.ealse.javafx.FXMLNodeMap [JavaFX Application Thread] file:/C:/workspaces/javafx/spring-boot-ccnl/frontend-ccnl/target/classes/fxml/main.fxml
2021-03-01 10:19:47,509 INFO nl.ealse.javafx.FXMLNodeMap [JavaFX Application Thread] file:/C:/workspaces/javafx/spring-boot-ccnl/frontend-ccnl/target/classes/fxml/member/memberSearch.fxml
2021-03-01 10:19:48,155 INFO nl.ealse.ccnl.service.MemberService [JavaFX Application Thread] Service created
2021-03-01 10:19:48,271 INFO nl.ealse.javafx.FXMLNodeMap [JavaFX Application Thread] file:/C:/workspaces/javafx/spring-boot-ccnl/frontend-ccnl/target/classes/fxml/member/memberPersonal.fxml
2021-03-01 10:19:48,292 INFO nl.ealse.ccnl.ledenadministratie.pdf.FopFactoryProvider [JavaFX Application Thread] file:/C:/workspaces/javafx/spring-boot-ccnl/output-ccnl/target/classes/fop.xconf
2021-03-01 10:19:48,558 INFO nl.ealse.ccnl.service.DocumentService [JavaFX Application Thread] Service created
2021-03-01 10:19:48,665 INFO nl.ealse.ccnl.service.BackupRestoreService [JavaFX Application Thread] Service created
2021-03-01 10:19:48,689 INFO nl.ealse.ccnl.ledenadministratie.excelexport.ExportService [JavaFX Application Thread] Service created
2021-03-01 10:19:48,701 INFO nl.ealse.ccnl.service.AnnualRolloverService [JavaFX Application Thread] Service created
2021-03-01 10:19:48,703 INFO nl.ealse.ccnl.ledenadministratie.excelexport.ExportArchiveService [JavaFX Application Thread] Service created
2021-03-01 10:19:48,763 INFO nl.ealse.ccnl.service.SepaDirectDebitService [JavaFX Application Thread] Service created
2021-03-01 10:19:48,867 INFO nl.ealse.ccnl.service.ExternalRelationService [JavaFX Application Thread] Service created
2021-03-01 10:19:48,871 INFO nl.ealse.ccnl.service.InternalRelationService [JavaFX Application Thread] Service created
2021-03-01 10:19:48,874 INFO nl.ealse.ccnl.service.SettingsService [JavaFX Application Thread] Service created
2021-03-01 10:19:48,879 INFO nl.ealse.ccnl.ledenadministratie.excelexport.ExportAddressService [JavaFX Application Thread] Service created
2021-03-01 10:19:48,920 INFO nl.ealse.ccnl.service.ExternalRelationService [JavaFX Application Thread] Service created
2021-03-01 10:19:48,959 INFO nl.ealse.ccnl.service.ExternalRelationService [JavaFX Application Thread] Service created
2021-03-01 10:19:48,973 INFO nl.ealse.ccnl.ledenadministratie.excelimport.ImportService [JavaFX Application Thread] Service created
2021-03-01 10:19:48,975 INFO nl.ealse.ccnl.service.ArchiveService [JavaFX Application Thread] Service created
2021-03-01 10:29:52,440 INFO org.springframework.orm.jpa.AbstractEntityManagerFactoryBean [JavaFX Application Thread] Closing JPA EntityManagerFactory for persistence unit 'default'
2021-03-01 10:29:52,443 INFO com.zaxxer.hikari.HikariDataSource [JavaFX Application Thread] HikariPool-2 - Shutdown initiated...
2021-03-01 10:29:52,447 INFO com.zaxxer.hikari.HikariDataSource [JavaFX Application Thread] HikariPool-2 - Shutdown completed.
2021-03-01 10:30:11,819 INFO org.springframework.boot.StartupInfoLogger [JavaFX-Launcher] Starting application using Java 14 on Developer-Laptop-Ealse with PID 8776 (started by jenkins in C:\workspaces\javafx\spring-boot-ccnl\frontend-ccnl)
2021-03-01 10:30:11,826 INFO org.springframework.boot.SpringApplication [JavaFX-Launcher] No active profile set, falling back to default profiles: default
2021-03-01 10:30:12,914 INFO org.springframework.data.repository.config.RepositoryConfigurationDelegate [JavaFX-Launcher] Bootstrapping Spring Data JPA repositories in LAZY mode.
2021-03-01 10:30:13,116 INFO org.springframework.data.repository.config.RepositoryConfigurationDelegate [JavaFX-Launcher] Finished Spring Data repository scanning in 171 ms. Found 10 JPA repository interfaces.
2021-03-01 10:30:14,175 INFO org.hibernate.jpa.internal.util.LogHelper [JavaFX-Launcher] HHH000204: Processing PersistenceUnitInfo [name: default]
2021-03-01 10:30:14,310 INFO org.hibernate.Version [JavaFX-Launcher] HHH000412: Hibernate ORM core version 5.4.25.Final
2021-03-01 10:30:14,657 INFO org.hibernate.annotations.common.reflection.java.JavaReflectionManager [JavaFX-Launcher] HCANN000001: Hibernate Commons Annotations {5.1.2.Final}
2021-03-01 10:30:14,920 INFO com.zaxxer.hikari.HikariDataSource [JavaFX-Launcher] HikariPool-1 - Starting...
2021-03-01 10:30:15,430 INFO com.zaxxer.hikari.HikariDataSource [JavaFX-Launcher] HikariPool-1 - Start completed.
2021-03-01 10:30:15,468 INFO org.hibernate.dialect.Dialect [JavaFX-Launcher] HHH000400: Using dialect: org.hibernate.dialect.H2Dialect
2021-03-01 10:30:17,039 INFO org.hibernate.engine.transaction.jta.platform.internal.JtaPlatformInitiator [JavaFX-Launcher] HHH000490: Using JtaPlatform implementation: [org.hibernate.engine.transaction.jta.platform.internal.NoJtaPlatform]
2021-03-01 10:30:17,067 INFO org.springframework.orm.jpa.AbstractEntityManagerFactoryBean [JavaFX-Launcher] Initialized JPA EntityManagerFactory for persistence unit 'default'
2021-03-01 10:30:39,704 INFO org.springframework.boot.StartupInfoLogger [JavaFX-Launcher] Started application in 29.07 seconds (JVM running for 30.463)
2021-03-01 10:30:39,904 INFO nl.ealse.javafx.FXMLNodeMap [JavaFX Application Thread] file:/C:/workspaces/javafx/spring-boot-ccnl/frontend-ccnl/target/classes/fxml/main.fxml
2021-03-01 10:31:54,252 INFO org.springframework.boot.StartupInfoLogger [JavaFX-Launcher] Starting application using Java 14 on Developer-Laptop-Ealse with PID 16096 (started by jenkins in C:\workspaces\javafx\spring-boot-ccnl\frontend-ccnl)
2021-03-01 10:31:54,258 INFO org.springframework.boot.SpringApplication [JavaFX-Launcher] No active profile set, falling back to default profiles: default
2021-03-01 10:31:55,445 INFO org.springframework.data.repository.config.RepositoryConfigurationDelegate [JavaFX-Launcher] Bootstrapping Spring Data JPA repositories in DEFAULT mode.
2021-03-01 10:31:55,762 INFO org.springframework.data.repository.config.RepositoryConfigurationDelegate [JavaFX-Launcher] Finished Spring Data repository scanning in 299 ms. Found 10 JPA repository interfaces.
2021-03-01 10:31:56,615 INFO org.hibernate.jpa.internal.util.LogHelper [JavaFX-Launcher] HHH000204: Processing PersistenceUnitInfo [name: default]
2021-03-01 10:31:56,687 INFO org.hibernate.Version [JavaFX-Launcher] HHH000412: Hibernate ORM core version 5.4.25.Final
2021-03-01 10:31:56,953 INFO org.hibernate.annotations.common.reflection.java.JavaReflectionManager [JavaFX-Launcher] HCANN000001: Hibernate Commons Annotations {5.1.2.Final}
2021-03-01 10:31:57,134 INFO com.zaxxer.hikari.HikariDataSource [JavaFX-Launcher] HikariPool-1 - Starting...
2021-03-01 10:31:57,664 INFO com.zaxxer.hikari.HikariDataSource [JavaFX-Launcher] HikariPool-1 - Start completed.
2021-03-01 10:31:57,743 INFO org.hibernate.dialect.Dialect [JavaFX-Launcher] HHH000400: Using dialect: org.hibernate.dialect.H2Dialect
2021-03-01 10:31:59,002 INFO org.hibernate.engine.transaction.jta.platform.internal.JtaPlatformInitiator [JavaFX-Launcher] HHH000490: Using JtaPlatform implementation: [org.hibernate.engine.transaction.jta.platform.internal.NoJtaPlatform]
2021-03-01 10:31:59,014 INFO org.springframework.orm.jpa.AbstractEntityManagerFactoryBean [JavaFX-Launcher] Initialized JPA EntityManagerFactory for persistence unit 'default'
2021-03-01 10:32:00,212 INFO org.springframework.boot.StartupInfoLogger [JavaFX-Launcher] Started application in 7.145 seconds (JVM running for 8.555)
2021-03-01 10:32:00,352 INFO nl.ealse.javafx.FXMLNodeMap [JavaFX Application Thread] file:/C:/workspaces/javafx/spring-boot-ccnl/frontend-ccnl/target/classes/fxml/main.fxml
2021-03-01 10:32:49,797 INFO org.springframework.boot.StartupInfoLogger [JavaFX-Launcher] Starting application using Java 14 on Developer-Laptop-Ealse with PID 8356 (started by jenkins in C:\workspaces\javafx\spring-boot-ccnl\frontend-ccnl)
2021-03-01 10:32:49,805 INFO org.springframework.boot.SpringApplication [JavaFX-Launcher] No active profile set, falling back to default profiles: default
2021-03-01 10:32:50,557 INFO org.springframework.data.repository.config.RepositoryConfigurationDelegate [JavaFX-Launcher] Bootstrapping Spring Data JPA repositories in LAZY mode.
2021-03-01 10:32:50,821 INFO org.springframework.data.repository.config.RepositoryConfigurationDelegate [JavaFX-Launcher] Finished Spring Data repository scanning in 250 ms. Found 10 JPA repository interfaces.
2021-03-01 10:32:51,732 INFO org.hibernate.jpa.internal.util.LogHelper [JavaFX-Launcher] HHH000204: Processing PersistenceUnitInfo [name: default]
2021-03-01 10:32:51,872 INFO org.hibernate.Version [JavaFX-Launcher] HHH000412: Hibernate ORM core version 5.4.25.Final
2021-03-01 10:32:52,139 INFO org.hibernate.annotations.common.reflection.java.JavaReflectionManager [JavaFX-Launcher] HCANN000001: Hibernate Commons Annotations {5.1.2.Final}
2021-03-01 10:32:52,304 INFO com.zaxxer.hikari.HikariDataSource [JavaFX-Launcher] HikariPool-1 - Starting...
2021-03-01 10:32:52,627 INFO com.zaxxer.hikari.HikariDataSource [JavaFX-Launcher] HikariPool-1 - Start completed.
2021-03-01 10:32:52,673 INFO org.hibernate.dialect.Dialect [JavaFX-Launcher] HHH000400: Using dialect: org.hibernate.dialect.H2Dialect
2021-03-01 10:32:53,827 INFO org.hibernate.engine.transaction.jta.platform.internal.JtaPlatformInitiator [JavaFX-Launcher] HHH000490: Using JtaPlatform implementation: [org.hibernate.engine.transaction.jta.platform.internal.NoJtaPlatform]
2021-03-01 10:32:53,841 INFO org.springframework.orm.jpa.AbstractEntityManagerFactoryBean [JavaFX-Launcher] Initialized JPA EntityManagerFactory for persistence unit 'default'
2021-03-01 10:32:53,996 INFO org.springframework.boot.StartupInfoLogger [JavaFX-Launcher] Started application in 5.235 seconds (JVM running for 6.629)
2021-03-01 10:32:54,165 INFO nl.ealse.javafx.FXMLNodeMap [JavaFX Application Thread] file:/C:/workspaces/javafx/spring-boot-ccnl/frontend-ccnl/target/classes/fxml/main.fxml
2021-03-01 10:33:08,247 INFO com.zaxxer.hikari.HikariDataSource [pool-2-thread-1] HikariPool-2 - Starting...
2021-03-01 10:33:08,250 INFO com.zaxxer.hikari.HikariDataSource [pool-2-thread-1] HikariPool-2 - Start completed.
2021-03-01 10:33:39,553 INFO com.zaxxer.hikari.HikariDataSource [pool-2-thread-1] HikariPool-1 - Start completed.
2021-03-01 10:33:39,706 INFO org.springframework.boot.StartupInfoLogger [JavaFX-Launcher] Starting application using Java 14 on Developer-Laptop-Ealse with PID 10524 (started by jenkins in C:\workspaces\javafx\spring-boot-ccnl\frontend-ccnl)
2021-03-01 10:33:39,707 INFO org.springframework.boot.SpringApplication [JavaFX-Launcher] No active profile set, falling back to default profiles: default
2021-03-01 10:33:40,347 INFO org.springframework.data.repository.config.RepositoryConfigurationDelegate [JavaFX-Launcher] Bootstrapping Spring Data JPA repositories in LAZY mode.
2021-03-01 10:33:40,517 INFO org.springframework.data.repository.config.RepositoryConfigurationDelegate [JavaFX-Launcher] Finished Spring Data repository scanning in 161 ms. Found 10 JPA repository interfaces.
2021-03-01 10:33:41,200 INFO org.hibernate.jpa.internal.util.LogHelper [JavaFX-Launcher] HHH000204: Processing PersistenceUnitInfo [name: default]
2021-03-01 10:33:41,270 INFO org.hibernate.Version [JavaFX-Launcher] HHH000412: Hibernate ORM core version 5.4.25.Final
2021-03-01 10:33:41,476 INFO org.hibernate.annotations.common.reflection.java.JavaReflectionManager [JavaFX-Launcher] HCANN000001: Hibernate Commons Annotations {5.1.2.Final}
2021-03-01 10:33:41,620 INFO com.zaxxer.hikari.HikariDataSource [JavaFX-Launcher] HikariPool-2 - Starting...
2021-03-01 10:33:41,621 INFO com.zaxxer.hikari.HikariDataSource [JavaFX-Launcher] HikariPool-2 - Start completed.
2021-03-01 10:33:41,639 INFO org.hibernate.dialect.Dialect [JavaFX-Launcher] HHH000400: Using dialect: org.hibernate.dialect.H2Dialect
2021-03-01 10:33:42,535 INFO org.hibernate.engine.transaction.jta.platform.internal.JtaPlatformInitiator [JavaFX-Launcher] HHH000490: Using JtaPlatform implementation: [org.hibernate.engine.transaction.jta.platform.internal.NoJtaPlatform]
2021-03-01 10:33:42,544 INFO org.springframework.orm.jpa.AbstractEntityManagerFactoryBean [JavaFX-Launcher] Initialized JPA EntityManagerFactory for persistence unit 'default'
2021-03-01 10:33:42,644 INFO org.springframework.boot.StartupInfoLogger [JavaFX-Launcher] Started application in 3.727 seconds (JVM running for 4.677)
2021-03-01 10:33:42,753 INFO nl.ealse.javafx.FXMLNodeMap [JavaFX Application Thread] file:/C:/workspaces/javafx/spring-boot-ccnl/frontend-ccnl/target/classes/fxml/main.fxml
2021-03-01 10:48:54,439 INFO org.springframework.boot.StartupInfoLogger [JavaFX-Launcher] Starting application using Java 14 on Developer-Laptop-Ealse with PID 7700 (started by jenkins in C:\workspaces\javafx\spring-boot-ccnl\frontend-ccnl)
2021-03-01 10:48:54,445 INFO org.springframework.boot.SpringApplication [JavaFX-Launcher] No active profile set, falling back to default profiles: default
2021-03-01 10:48:55,240 INFO org.springframework.data.repository.config.RepositoryConfigurationDelegate [JavaFX-Launcher] Bootstrapping Spring Data JPA repositories in LAZY mode.
2021-03-01 10:48:55,489 INFO org.springframework.data.repository.config.RepositoryConfigurationDelegate [JavaFX-Launcher] Finished Spring Data repository scanning in 238 ms. Found 10 JPA repository interfaces.
2021-03-01 10:48:56,373 INFO org.hibernate.jpa.internal.util.LogHelper [JavaFX-Launcher] HHH000204: Processing PersistenceUnitInfo [name: default]
2021-03-01 10:48:56,454 INFO org.hibernate.Version [JavaFX-Launcher] HHH000412: Hibernate ORM core version 5.4.25.Final
2021-03-01 10:48:56,729 INFO org.hibernate.annotations.common.reflection.java.JavaReflectionManager [JavaFX-Launcher] HCANN000001: Hibernate Commons Annotations {5.1.2.Final}
2021-03-01 10:48:56,916 INFO com.zaxxer.hikari.HikariDataSource [JavaFX-Launcher] HikariPool-1 - Starting...
2021-03-01 10:48:57,243 INFO com.zaxxer.hikari.HikariDataSource [JavaFX-Launcher] HikariPool-1 - Start completed.
2021-03-01 10:48:57,285 INFO org.hibernate.dialect.Dialect [JavaFX-Launcher] HHH000400: Using dialect: org.hibernate.dialect.H2Dialect
2021-03-01 10:48:58,438 INFO org.hibernate.engine.transaction.jta.platform.internal.JtaPlatformInitiator [JavaFX-Launcher] HHH000490: Using JtaPlatform implementation: [org.hibernate.engine.transaction.jta.platform.internal.NoJtaPlatform]
2021-03-01 10:48:58,452 INFO org.springframework.orm.jpa.AbstractEntityManagerFactoryBean [JavaFX-Launcher] Initialized JPA EntityManagerFactory for persistence unit 'default'
2021-03-01 10:48:58,584 INFO org.springframework.boot.StartupInfoLogger [JavaFX-Launcher] Started application in 5.234 seconds (JVM running for 6.61)
2021-03-01 10:48:58,719 INFO nl.ealse.javafx.FXMLNodeMap [JavaFX Application Thread] file:/C:/workspaces/javafx/spring-boot-ccnl/frontend-ccnl/target/classes/fxml/main.fxml
2021-03-01 10:53:02,737 INFO org.springframework.boot.StartupInfoLogger [JavaFX-Launcher] Starting application using Java 14 on Developer-Laptop-Ealse with PID 3196 (started by jenkins in C:\workspaces\javafx\spring-boot-ccnl\frontend-ccnl)
2021-03-01 10:53:02,744 INFO org.springframework.boot.SpringApplication [JavaFX-Launcher] No active profile set, falling back to default profiles: default
2021-03-01 10:53:03,506 INFO org.springframework.data.repository.config.RepositoryConfigurationDelegate [JavaFX-Launcher] Bootstrapping Spring Data JPA repositories in LAZY mode.
2021-03-01 10:53:03,754 INFO org.springframework.data.repository.config.RepositoryConfigurationDelegate [JavaFX-Launcher] Finished Spring Data repository scanning in 226 ms. Found 10 JPA repository interfaces.
2021-03-01 10:53:04,669 INFO org.hibernate.jpa.internal.util.LogHelper [JavaFX-Launcher] HHH000204: Processing PersistenceUnitInfo [name: default]
2021-03-01 10:53:04,765 INFO org.hibernate.Version [JavaFX-Launcher] HHH000412: Hibernate ORM core version 5.4.25.Final
2021-03-01 10:53:05,070 INFO org.hibernate.annotations.common.reflection.java.JavaReflectionManager [JavaFX-Launcher] HCANN000001: Hibernate Commons Annotations {5.1.2.Final}
2021-03-01 10:53:05,228 INFO com.zaxxer.hikari.HikariDataSource [JavaFX-Launcher] HikariPool-1 - Starting...
2021-03-01 10:53:05,532 INFO com.zaxxer.hikari.HikariDataSource [JavaFX-Launcher] HikariPool-1 - Start completed.
2021-03-01 10:53:05,577 INFO org.hibernate.dialect.Dialect [JavaFX-Launcher] HHH000400: Using dialect: org.hibernate.dialect.H2Dialect
2021-03-01 10:53:06,730 INFO org.hibernate.engine.transaction.jta.platform.internal.JtaPlatformInitiator [JavaFX-Launcher] HHH000490: Using JtaPlatform implementation: [org.hibernate.engine.transaction.jta.platform.internal.NoJtaPlatform]
2021-03-01 10:53:06,741 INFO org.springframework.orm.jpa.AbstractEntityManagerFactoryBean [JavaFX-Launcher] Initialized JPA EntityManagerFactory for persistence unit 'default'
2021-03-01 10:53:06,871 INFO org.springframework.boot.StartupInfoLogger [JavaFX-Launcher] Started application in 5.186 seconds (JVM running for 6.504)
2021-03-01 10:53:07,019 INFO nl.ealse.javafx.FXMLNodeMap [JavaFX Application Thread] file:/C:/workspaces/javafx/spring-boot-ccnl/frontend-ccnl/target/classes/fxml/main.fxml
2021-03-01 10:54:59,324 INFO com.zaxxer.hikari.HikariDataSource [pool-2-thread-1] HikariPool-1 - Start completed.
2021-03-01 10:54:59,503 INFO org.springframework.boot.StartupInfoLogger [JavaFX-Launcher] Starting application using Java 14 on Developer-Laptop-Ealse with PID 8784 (started by jenkins in C:\workspaces\javafx\spring-boot-ccnl\frontend-ccnl)
2021-03-01 10:54:59,504 INFO org.springframework.boot.SpringApplication [JavaFX-Launcher] No active profile set, falling back to default profiles: default
2021-03-01 10:55:00,112 INFO org.springframework.data.repository.config.RepositoryConfigurationDelegate [JavaFX-Launcher] Bootstrapping Spring Data JPA repositories in LAZY mode.
2021-03-01 10:55:00,275 INFO org.springframework.data.repository.config.RepositoryConfigurationDelegate [JavaFX-Launcher] Finished Spring Data repository scanning in 155 ms. Found 10 JPA repository interfaces.
2021-03-01 10:55:00,920 INFO org.hibernate.jpa.internal.util.LogHelper [JavaFX-Launcher] HHH000204: Processing PersistenceUnitInfo [name: default]
2021-03-01 10:55:00,983 INFO org.hibernate.Version [JavaFX-Launcher] HHH000412: Hibernate ORM core version 5.4.25.Final
2021-03-01 10:55:01,175 INFO org.hibernate.annotations.common.reflection.java.JavaReflectionManager [JavaFX-Launcher] HCANN000001: Hibernate Commons Annotations {5.1.2.Final}
2021-03-01 10:55:01,319 INFO com.zaxxer.hikari.HikariDataSource [JavaFX-Launcher] HikariPool-2 - Starting...
2021-03-01 10:55:01,321 INFO com.zaxxer.hikari.HikariDataSource [JavaFX-Launcher] HikariPool-2 - Start completed.
2021-03-01 10:55:01,334 INFO org.hibernate.dialect.Dialect [JavaFX-Launcher] HHH000400: Using dialect: org.hibernate.dialect.H2Dialect
2021-03-01 10:55:02,174 INFO org.hibernate.engine.transaction.jta.platform.internal.JtaPlatformInitiator [JavaFX-Launcher] HHH000490: Using JtaPlatform implementation: [org.hibernate.engine.transaction.jta.platform.internal.NoJtaPlatform]
2021-03-01 10:55:02,182 INFO org.springframework.orm.jpa.AbstractEntityManagerFactoryBean [JavaFX-Launcher] Initialized JPA EntityManagerFactory for persistence unit 'default'
2021-03-01 10:55:02,292 INFO org.springframework.boot.StartupInfoLogger [JavaFX-Launcher] Started application in 3.555 seconds (JVM running for 4.525)
2021-03-01 10:55:02,400 INFO nl.ealse.javafx.FXMLNodeMap [JavaFX Application Thread] file:/C:/workspaces/javafx/spring-boot-ccnl/frontend-ccnl/target/classes/fxml/main.fxml
2021-03-01 11:05:24,097 INFO com.zaxxer.hikari.HikariDataSource [pool-2-thread-1] HikariPool-1 - Start completed.
2021-03-01 11:05:24,257 INFO org.springframework.boot.StartupInfoLogger [JavaFX-Launcher] Starting application using Java 11 on Developer-Laptop-Ealse with PID 8720 (started by jenkins in C:\workspaces\javafx\spring-boot-ccnl\frontend-ccnl)
2021-03-01 11:05:24,258 INFO org.springframework.boot.SpringApplication [JavaFX-Launcher] No active profile set, falling back to default profiles: default
2021-03-01 11:05:24,872 INFO org.springframework.data.repository.config.RepositoryConfigurationDelegate [JavaFX-Launcher] Bootstrapping Spring Data JPA repositories in LAZY mode.
2021-03-01 11:05:25,040 INFO org.springframework.data.repository.config.RepositoryConfigurationDelegate [JavaFX-Launcher] Finished Spring Data repository scanning in 160 ms. Found 10 JPA repository interfaces.
2021-03-01 11:05:25,734 INFO org.hibernate.jpa.internal.util.LogHelper [JavaFX-Launcher] HHH000204: Processing PersistenceUnitInfo [name: default]
2021-03-01 11:05:25,806 INFO org.hibernate.Version [JavaFX-Launcher] HHH000412: Hibernate ORM core version 5.4.25.Final
2021-03-01 11:05:26,012 INFO org.hibernate.annotations.common.reflection.java.JavaReflectionManager [JavaFX-Launcher] HCANN000001: Hibernate Commons Annotations {5.1.2.Final}
2021-03-01 11:05:26,273 INFO com.zaxxer.hikari.HikariDataSource [JavaFX-Launcher] HikariPool-2 - Starting...
2021-03-01 11:05:26,274 INFO com.zaxxer.hikari.HikariDataSource [JavaFX-Launcher] HikariPool-2 - Start completed.
2021-03-01 11:05:26,295 INFO org.hibernate.dialect.Dialect [JavaFX-Launcher] HHH000400: Using dialect: org.hibernate.dialect.H2Dialect
2021-03-01 11:05:27,184 INFO org.hibernate.engine.transaction.jta.platform.internal.JtaPlatformInitiator [JavaFX-Launcher] HHH000490: Using JtaPlatform implementation: [org.hibernate.engine.transaction.jta.platform.internal.NoJtaPlatform]
2021-03-01 11:05:27,194 INFO org.springframework.orm.jpa.AbstractEntityManagerFactoryBean [JavaFX-Launcher] Initialized JPA EntityManagerFactory for persistence unit 'default'
2021-03-01 11:05:27,310 INFO org.springframework.boot.StartupInfoLogger [JavaFX-Launcher] Started application in 3.93 seconds (JVM running for 4.964)
2021-03-01 11:05:27,427 INFO nl.ealse.javafx.FXMLNodeMap [JavaFX Application Thread] file:/C:/workspaces/javafx/spring-boot-ccnl/frontend-ccnl/target/classes/fxml/main.fxml
2021-03-01 11:27:46,285 INFO nl.ealse.javafx.FXMLNodeMap [JavaFX Application Thread] file:/C:/workspaces/javafx/spring-boot-ccnl/frontend-ccnl/target/classes/fxml/settings/settings.fxml
2021-03-01 11:27:46,299 INFO nl.ealse.ccnl.service.SettingsService [JavaFX Application Thread] Service created
2021-03-01 11:27:46,391 INFO nl.ealse.javafx.FXMLNodeMap [JavaFX Application Thread] file:/C:/workspaces/javafx/spring-boot-ccnl/frontend-ccnl/target/classes/fxml/settings/settingsEdit.fxml
2021-03-01 11:27:46,470 INFO nl.ealse.ccnl.service.BackupRestoreService [JavaFX Application Thread] Service created
2021-03-01 11:27:46,498 INFO nl.ealse.ccnl.ledenadministratie.excelexport.ExportService [JavaFX Application Thread] Service created
2021-03-01 11:27:46,512 INFO nl.ealse.ccnl.service.AnnualRolloverService [JavaFX Application Thread] Service created
2021-03-01 11:27:46,514 INFO nl.ealse.ccnl.ledenadministratie.excelexport.ExportArchiveService [JavaFX Application Thread] Service created
2021-03-01 11:27:46,535 INFO nl.ealse.ccnl.ledenadministratie.pdf.FopFactoryProvider [JavaFX Application Thread] file:/C:/workspaces/javafx/spring-boot-ccnl/output-ccnl/target/classes/fop.xconf
2021-03-01 11:27:46,819 INFO nl.ealse.ccnl.service.DocumentService [JavaFX Application Thread] Service created
2021-03-01 11:27:47,476 INFO nl.ealse.ccnl.service.MemberService [JavaFX Application Thread] Service created
2021-03-01 11:27:47,533 INFO nl.ealse.ccnl.service.SepaDirectDebitService [JavaFX Application Thread] Service created
2021-03-01 11:27:47,629 INFO nl.ealse.ccnl.service.ExternalRelationService [JavaFX Application Thread] Service created
2021-03-01 11:27:47,632 INFO nl.ealse.ccnl.service.InternalRelationService [JavaFX Application Thread] Service created
2021-03-01 11:27:47,635 INFO nl.ealse.ccnl.ledenadministratie.excelexport.ExportAddressService [JavaFX Application Thread] Service created
2021-03-01 11:27:47,686 INFO nl.ealse.ccnl.service.ExternalRelationService [JavaFX Application Thread] Service created
2021-03-01 11:27:47,722 INFO nl.ealse.ccnl.service.ExternalRelationService [JavaFX Application Thread] Service created
2021-03-01 11:27:47,731 INFO nl.ealse.ccnl.ledenadministratie.excelimport.ImportService [JavaFX Application Thread] Service created
2021-03-01 11:27:47,734 INFO nl.ealse.ccnl.service.ArchiveService [JavaFX Application Thread] Service created
2021-03-01 11:27:58,839 INFO org.springframework.orm.jpa.AbstractEntityManagerFactoryBean [JavaFX Application Thread] Closing JPA EntityManagerFactory for persistence unit 'default'
2021-03-01 11:27:58,847 INFO com.zaxxer.hikari.HikariDataSource [JavaFX Application Thread] HikariPool-2 - Shutdown initiated...
2021-03-01 11:27:58,852 INFO com.zaxxer.hikari.HikariDataSource [JavaFX Application Thread] HikariPool-2 - Shutdown completed.
